2019-09-24 21:29:05,982  INFO [main] nopCommerceSDET:33 - ************* Launching Browser *****************
2019-09-24 21:29:06,013  INFO [main] nopCommerceSDET:39 - ************* Opening URL  *****************
2019-09-24 21:29:09,761  INFO [main] nopCommerceSDET:46 - ************* Prvding user and password *****************
2019-09-24 21:29:10,175  INFO [main] nopCommerceSDET:53 - ************* click on login *****************
2019-09-24 21:29:17,120  INFO [main] nopCommerceSDET:94 - ********* Verifying Dashboad page title after login successful **************
2019-09-24 21:29:20,155  INFO [main] nopCommerceSDET:101 - ********* Clicking on customer main menu **************
2019-09-24 21:29:22,294  INFO [main] nopCommerceSDET:108 - ********* Clicking on customer sub menu **************
2019-09-24 21:29:34,916  INFO [main] nopCommerceSDET:145 - ********* Saving customer details **************
2019-09-24 21:29:39,107  INFO [main] nopCommerceSDET:84 - ************* cloding browser *****************
2019-09-24 21:29:42,151  INFO [main] nopCommerceSDET:33 - ************* Launching Browser *****************
2019-09-24 21:29:42,153  INFO [main] nopCommerceSDET:39 - ************* Opening URL  *****************
2019-09-24 21:29:44,922  INFO [main] nopCommerceSDET:46 - ************* Prvding user and password *****************
2019-09-24 21:29:45,318  INFO [main] nopCommerceSDET:53 - ************* click on login *****************
2019-09-24 21:29:51,379  INFO [main] nopCommerceSDET:94 - ********* Verifying Dashboad page title after login successful **************
2019-09-24 21:29:54,412  INFO [main] nopCommerceSDET:101 - ********* Clicking on customer main menu **************
2019-09-24 21:29:56,514  INFO [main] nopCommerceSDET:108 - ********* Clicking on customer sub menu **************
2019-09-24 21:29:57,856  INFO [main] nopCommerceSDET:160 - ********* Searching customer details by Email **************
2019-09-24 21:30:01,568  INFO [main] nopCommerceSDET:84 - ************* cloding browser *****************
2019-09-24 21:30:04,727  INFO [main] nopCommerceSDET:33 - ************* Launching Browser *****************
2019-09-24 21:30:04,730  INFO [main] nopCommerceSDET:39 - ************* Opening URL  *****************
2019-09-24 21:30:07,464  INFO [main] nopCommerceSDET:46 - ************* Prvding user and password *****************
2019-09-24 21:30:07,916  INFO [main] nopCommerceSDET:53 - ************* click on login *****************
2019-09-24 21:30:14,057  INFO [main] nopCommerceSDET:68 - ************* Login Passed *****************
2019-09-24 21:30:17,072  INFO [main] nopCommerceSDET:77 - ************* clciking on logout *****************
2019-09-24 21:30:21,708  INFO [main] nopCommerceSDET:68 - ************* Login Passed *****************
2019-09-24 21:30:24,719  INFO [main] nopCommerceSDET:84 - ************* cloding browser *****************
2019-09-24 21:43:04,275  INFO [main] nopCommerceSDET:62 - ************* Launching Browser *****************
2019-09-24 21:43:04,388  INFO [main] nopCommerceSDET:68 - ************* Opening URL  *****************
2019-09-24 21:43:07,442  INFO [main] nopCommerceSDET:75 - ************* Prvding user and password *****************
2019-09-24 21:43:07,629  INFO [main] nopCommerceSDET:82 - ************* click on login *****************
2019-09-24 21:43:15,948  INFO [main] nopCommerceSDET:123 - ********* Verifying Dashboad page title after login successful **************
2019-09-24 21:43:18,970  INFO [main] nopCommerceSDET:130 - ********* Clicking on customer main menu **************
2019-09-24 21:43:21,240  INFO [main] nopCommerceSDET:137 - ********* Clicking on customer sub menu **************
2019-09-24 21:43:36,019  INFO [main] nopCommerceSDET:174 - ********* Saving customer details **************
2019-09-24 21:43:41,304  INFO [main] nopCommerceSDET:113 - ************* cloding browser *****************
2019-09-24 21:43:51,860  INFO [main] nopCommerceSDET:62 - ************* Launching Browser *****************
2019-09-24 21:43:51,863  INFO [main] nopCommerceSDET:68 - ************* Opening URL  *****************
2019-09-24 21:43:55,183  INFO [main] nopCommerceSDET:75 - ************* Prvding user and password *****************
2019-09-24 21:43:55,423  INFO [main] nopCommerceSDET:82 - ************* click on login *****************
2019-09-24 21:44:08,100  INFO [main] nopCommerceSDET:123 - ********* Verifying Dashboad page title after login successful **************
2019-09-24 21:44:11,119  INFO [main] nopCommerceSDET:130 - ********* Clicking on customer main menu **************
2019-09-24 21:44:13,411  INFO [main] nopCommerceSDET:137 - ********* Clicking on customer sub menu **************
2019-09-24 21:44:15,250  INFO [main] nopCommerceSDET:189 - ********* Searching customer details by Email **************
2019-09-24 21:44:19,031  INFO [main] nopCommerceSDET:113 - ************* cloding browser *****************
2019-09-24 21:44:26,264  INFO [main] nopCommerceSDET:62 - ************* Launching Browser *****************
2019-09-24 21:44:26,275  INFO [main] nopCommerceSDET:68 - ************* Opening URL  *****************
2019-09-24 21:44:28,285  INFO [main] nopCommerceSDET:75 - ************* Prvding user and password *****************
2019-09-24 21:44:28,498  INFO [main] nopCommerceSDET:82 - ************* click on login *****************
2019-09-24 21:44:34,533  INFO [main] nopCommerceSDET:97 - ************* Login Passed *****************
2019-09-24 21:44:37,546  INFO [main] nopCommerceSDET:106 - ************* clciking on logout *****************
2019-09-24 21:44:42,088  INFO [main] nopCommerceSDET:97 - ************* Login Passed *****************
2019-09-24 21:44:45,098  INFO [main] nopCommerceSDET:113 - ************* cloding browser *****************
2019-09-24 21:53:34,775  INFO [main] nopCommerceSDET:62 - ************* Launching Browser *****************
2019-09-24 21:53:34,953  INFO [main] nopCommerceSDET:68 - ************* Opening URL  *****************
2019-09-24 21:53:38,470  INFO [main] nopCommerceSDET:75 - ************* Prvding user and password *****************
2019-09-24 21:53:38,747  INFO [main] nopCommerceSDET:82 - ************* click on login *****************
2019-09-24 21:53:46,860  INFO [main] nopCommerceSDET:123 - ********* Verifying Dashboad page title after login successful **************
2019-09-24 21:53:49,879  INFO [main] nopCommerceSDET:130 - ********* Clicking on customer main menu **************
2019-09-24 21:53:52,158  INFO [main] nopCommerceSDET:137 - ********* Clicking on customer sub menu **************
2019-09-24 21:54:05,797  INFO [main] nopCommerceSDET:174 - ********* Saving customer details **************
2019-09-24 21:54:11,194  INFO [main] nopCommerceSDET:113 - ************* cloding browser *****************
2019-09-24 21:54:19,851  INFO [main] nopCommerceSDET:62 - ************* Launching Browser *****************
2019-09-24 21:54:19,854  INFO [main] nopCommerceSDET:68 - ************* Opening URL  *****************
2019-09-24 21:54:22,091  INFO [main] nopCommerceSDET:75 - ************* Prvding user and password *****************
2019-09-24 21:54:22,275  INFO [main] nopCommerceSDET:82 - ************* click on login *****************
2019-09-24 21:54:27,912  INFO [main] nopCommerceSDET:97 - ************* Login Passed *****************
2019-09-24 21:54:30,927  INFO [main] nopCommerceSDET:106 - ************* clciking on logout *****************
2019-09-24 21:54:35,514  INFO [main] nopCommerceSDET:97 - ************* Login Passed *****************
2019-09-24 21:54:38,525  INFO [main] nopCommerceSDET:113 - ************* cloding browser *****************
2019-09-24 21:57:25,321  INFO [main] nopCommerceSDET:62 - ************* Launching Browser *****************
2019-09-24 21:57:25,386  INFO [main] nopCommerceSDET:68 - ************* Opening URL  *****************
2019-09-24 21:57:29,100  INFO [main] nopCommerceSDET:75 - ************* Prvding user and password *****************
2019-09-24 21:57:29,556  INFO [main] nopCommerceSDET:82 - ************* click on login *****************
2019-09-24 21:57:36,132  INFO [main] nopCommerceSDET:123 - ********* Verifying Dashboad page title after login successful **************
2019-09-24 21:57:39,161  INFO [main] nopCommerceSDET:130 - ********* Clicking on customer main menu **************
2019-09-24 21:57:41,302  INFO [main] nopCommerceSDET:137 - ********* Clicking on customer sub menu **************
2019-09-24 21:57:55,252  INFO [main] nopCommerceSDET:174 - ********* Saving customer details **************
2019-09-24 21:57:59,807  INFO [main] nopCommerceSDET:113 - ************* cloding browser *****************
2019-09-24 21:58:03,099  INFO [main] nopCommerceSDET:62 - ************* Launching Browser *****************
2019-09-24 21:58:03,103  INFO [main] nopCommerceSDET:68 - ************* Opening URL  *****************
2019-09-24 21:58:05,783  INFO [main] nopCommerceSDET:75 - ************* Prvding user and password *****************
2019-09-24 21:58:06,162  INFO [main] nopCommerceSDET:82 - ************* click on login *****************
2019-09-24 21:58:10,970  INFO [main] nopCommerceSDET:97 - ************* Login Passed *****************
2019-09-24 21:58:14,058  INFO [main] nopCommerceSDET:106 - ************* clciking on logout *****************
2019-09-24 21:58:18,564  INFO [main] nopCommerceSDET:97 - ************* Login Passed *****************
2019-09-24 21:58:21,580  INFO [main] nopCommerceSDET:113 - ************* cloding browser *****************
2019-09-24 22:00:00,634  INFO [main] nopCommerceSDET:62 - ************* Launching Browser *****************
2019-09-24 22:00:00,743  INFO [main] nopCommerceSDET:68 - ************* Opening URL  *****************
2019-09-24 22:00:06,151  INFO [main] nopCommerceSDET:75 - ************* Prvding user and password *****************
2019-09-24 22:00:06,603  INFO [main] nopCommerceSDET:82 - ************* click on login *****************
2019-09-24 22:00:29,387  INFO [main] nopCommerceSDET:123 - ********* Verifying Dashboad page title after login successful **************
2019-09-24 22:00:32,518  INFO [main] nopCommerceSDET:130 - ********* Clicking on customer main menu **************
2019-09-24 22:00:34,702  INFO [main] nopCommerceSDET:137 - ********* Clicking on customer sub menu **************
2019-09-24 22:00:50,194  INFO [main] nopCommerceSDET:174 - ********* Saving customer details **************
2019-09-24 22:00:55,005  INFO [main] nopCommerceSDET:113 - ************* cloding browser *****************
2019-09-24 22:00:58,326  INFO [main] nopCommerceSDET:62 - ************* Launching Browser *****************
2019-09-24 22:00:58,327  INFO [main] nopCommerceSDET:68 - ************* Opening URL  *****************
2019-09-24 22:01:02,171  INFO [main] nopCommerceSDET:75 - ************* Prvding user and password *****************
2019-09-24 22:01:02,615  INFO [main] nopCommerceSDET:82 - ************* click on login *****************
2019-09-24 22:01:10,604  INFO [main] nopCommerceSDET:97 - ************* Login Passed *****************
2019-09-24 22:01:13,696  INFO [main] nopCommerceSDET:106 - ************* clciking on logout *****************
2019-09-24 22:01:19,540  INFO [main] nopCommerceSDET:97 - ************* Login Passed *****************
2019-09-24 22:01:22,560  INFO [main] nopCommerceSDET:113 - ************* cloding browser *****************
2019-09-24 22:06:50,066  INFO [main] nopCommerceSDET:62 - ************* Launching Browser *****************
2019-09-24 22:06:50,120  INFO [main] nopCommerceSDET:68 - ************* Opening URL  *****************
2019-09-24 22:06:54,835  INFO [main] nopCommerceSDET:75 - ************* Prvding user and password *****************
2019-09-24 22:06:55,272  INFO [main] nopCommerceSDET:82 - ************* click on login *****************
2019-09-24 22:07:02,089  INFO [main] nopCommerceSDET:123 - ********* Verifying Dashboad page title after login successful **************
2019-09-24 22:07:05,112  INFO [main] nopCommerceSDET:130 - ********* Clicking on customer main menu **************
2019-09-24 22:07:07,213  INFO [main] nopCommerceSDET:137 - ********* Clicking on customer sub menu **************
2019-09-24 22:07:20,301  INFO [main] nopCommerceSDET:174 - ********* Saving customer details **************
2019-09-24 22:07:24,646  INFO [main] nopCommerceSDET:113 - ************* cloding browser *****************
2019-09-24 22:07:27,888  INFO [main] nopCommerceSDET:62 - ************* Launching Browser *****************
2019-09-24 22:07:27,890  INFO [main] nopCommerceSDET:68 - ************* Opening URL  *****************
2019-09-24 22:07:31,890  INFO [main] nopCommerceSDET:75 - ************* Prvding user and password *****************
2019-09-24 22:07:32,340  INFO [main] nopCommerceSDET:82 - ************* click on login *****************
2019-09-24 22:07:38,918  INFO [main] nopCommerceSDET:97 - ************* Login Passed *****************
2019-09-24 22:07:42,037  INFO [main] nopCommerceSDET:106 - ************* clciking on logout *****************
2019-09-24 22:07:46,555  INFO [main] nopCommerceSDET:97 - ************* Login Passed *****************
2019-09-24 22:07:49,582  INFO [main] nopCommerceSDET:113 - ************* cloding browser *****************
2019-09-24 22:11:20,734  INFO [main] nopCommerceSDET:62 - ************* Launching Browser *****************
2019-09-24 22:11:20,779  INFO [main] nopCommerceSDET:68 - ************* Opening URL  *****************
2019-09-24 22:11:24,655  INFO [main] nopCommerceSDET:75 - ************* Prvding user and password *****************
2019-09-24 22:11:25,030  INFO [main] nopCommerceSDET:82 - ************* click on login *****************
2019-09-24 22:11:31,080  INFO [main] nopCommerceSDET:123 - ********* Verifying Dashboad page title after login successful **************
2019-09-24 22:11:34,105  INFO [main] nopCommerceSDET:130 - ********* Clicking on customer main menu **************
2019-09-24 22:11:36,208  INFO [main] nopCommerceSDET:137 - ********* Clicking on customer sub menu **************
2019-09-24 22:11:49,406  INFO [main] nopCommerceSDET:174 - ********* Saving customer details **************
2019-09-24 22:11:53,593  INFO [main] nopCommerceSDET:113 - ************* cloding browser *****************
2019-09-24 22:11:56,891  INFO [main] nopCommerceSDET:62 - ************* Launching Browser *****************
2019-09-24 22:11:56,893  INFO [main] nopCommerceSDET:68 - ************* Opening URL  *****************
2019-09-24 22:12:00,762  INFO [main] nopCommerceSDET:75 - ************* Prvding user and password *****************
2019-09-24 22:12:01,181  INFO [main] nopCommerceSDET:82 - ************* click on login *****************
2019-09-24 22:12:07,503  INFO [main] nopCommerceSDET:97 - ************* Login Passed *****************
2019-09-24 22:12:10,523  INFO [main] nopCommerceSDET:106 - ************* clciking on logout *****************
2019-09-24 22:12:15,036  INFO [main] nopCommerceSDET:97 - ************* Login Passed *****************
2019-09-24 22:12:18,051  INFO [main] nopCommerceSDET:113 - ************* cloding browser *****************
2022-11-09 22:48:04,622  INFO [main] nopCommerceSDET:62 - ************* Launching Browser *****************
2022-11-09 22:48:04,692  INFO [main] nopCommerceSDET:68 - ************* Opening URL  *****************
2022-11-09 22:48:07,449  INFO [main] nopCommerceSDET:75 - ************* Prvding user and password *****************
2022-11-09 22:48:07,874  INFO [main] nopCommerceSDET:82 - ************* click on login *****************
2022-11-11 13:16:25,459  INFO [main] nopCommerceSDET:62 - ************* Launching Browser *****************
2022-11-11 13:16:25,524  INFO [main] nopCommerceSDET:68 - ************* Opening URL  *****************
2022-11-11 13:16:28,466  INFO [main] nopCommerceSDET:75 - ************* Prvding user and password *****************
2022-11-11 13:16:28,958  INFO [main] nopCommerceSDET:82 - ************* click on login *****************
2022-11-11 19:20:27,418  INFO [main] nopCommerceSDET:62 - ************* Launching Browser *****************
2022-11-11 19:20:27,474  INFO [main] nopCommerceSDET:68 - ************* Opening URL  *****************
2022-11-11 19:20:30,117  INFO [main] nopCommerceSDET:75 - ************* Prvding user and password *****************
2022-11-11 19:20:30,454  INFO [main] nopCommerceSDET:82 - ************* click on login *****************
2022-11-11 19:20:31,501  INFO [main] nopCommerceSDET:62 - ************* Launching Browser *****************
2022-11-11 19:20:31,502  INFO [main] nopCommerceSDET:68 - ************* Opening URL  *****************
2022-11-11 19:20:34,160  INFO [main] nopCommerceSDET:75 - ************* Prvding user and password *****************
2022-11-11 19:20:34,511  INFO [main] nopCommerceSDET:82 - ************* click on login *****************
2022-11-11 19:20:35,501  INFO [main] nopCommerceSDET:62 - ************* Launching Browser *****************
2022-11-11 19:20:35,503  INFO [main] nopCommerceSDET:68 - ************* Opening URL  *****************
2022-11-11 19:20:38,166  INFO [main] nopCommerceSDET:75 - ************* Prvding user and password *****************
2022-11-11 19:20:38,515  INFO [main] nopCommerceSDET:82 - ************* click on login *****************
2022-11-11 19:21:02,412  INFO [main] nopCommerceSDET:62 - ************* Launching Browser *****************
2022-11-11 19:21:02,473  INFO [main] nopCommerceSDET:68 - ************* Opening URL  *****************
2022-11-11 19:21:05,590  INFO [main] nopCommerceSDET:75 - ************* Prvding user and password *****************
2022-11-11 19:21:05,901  INFO [main] nopCommerceSDET:82 - ************* click on login *****************
2022-11-11 19:21:06,924  INFO [main] nopCommerceSDET:62 - ************* Launching Browser *****************
2022-11-11 19:21:06,925  INFO [main] nopCommerceSDET:68 - ************* Opening URL  *****************
2022-11-11 19:21:12,636  INFO [main] nopCommerceSDET:62 - ************* Launching Browser *****************
2022-11-11 19:21:12,637  INFO [main] nopCommerceSDET:68 - ************* Opening URL  *****************
2022-11-11 19:21:15,340  INFO [main] nopCommerceSDET:75 - ************* Prvding user and password *****************
2022-11-11 19:21:15,609  INFO [main] nopCommerceSDET:82 - ************* click on login *****************
2022-11-11 22:06:01,086  INFO [main] nopCommerceSDET:62 - ************* Launching Browser *****************
2022-11-11 22:06:01,168  INFO [main] nopCommerceSDET:68 - ************* Opening URL  *****************
2022-11-11 22:06:06,681  INFO [main] nopCommerceSDET:62 - ************* Launching Browser *****************
2022-11-11 22:06:06,684  INFO [main] nopCommerceSDET:68 - ************* Opening URL  *****************
2022-11-11 22:39:55,174  INFO [main] nopCommerceSDET:62 - ************* Launching Browser *****************
2022-11-11 22:39:55,273  INFO [main] nopCommerceSDET:68 - ************* Opening URL  *****************
2022-11-11 22:40:15,635  INFO [main] nopCommerceSDET:62 - ************* Launching Browser *****************
2022-11-11 22:40:15,756  INFO [main] nopCommerceSDET:68 - ************* Opening URL  *****************
2022-11-11 22:40:19,120  INFO [main] nopCommerceSDET:75 - ************* Prvding user and password *****************
2022-11-11 22:40:20,136  INFO [main] nopCommerceSDET:82 - ************* click on login *****************
2022-11-11 22:40:21,847  INFO [main] nopCommerceSDET:62 - ************* Launching Browser *****************
2022-11-11 22:40:21,848  INFO [main] nopCommerceSDET:68 - ************* Opening URL  *****************
2022-11-11 22:40:24,220  INFO [main] nopCommerceSDET:75 - ************* Prvding user and password *****************
2022-11-11 22:40:24,694  INFO [main] nopCommerceSDET:82 - ************* click on login *****************
2022-11-11 22:40:26,244  INFO [main] nopCommerceSDET:62 - ************* Launching Browser *****************
2022-11-11 22:40:26,245  INFO [main] nopCommerceSDET:68 - ************* Opening URL  *****************
2022-11-11 22:40:28,999  INFO [main] nopCommerceSDET:75 - ************* Prvding user and password *****************
2022-11-11 22:40:29,503  INFO [main] nopCommerceSDET:82 - ************* click on login *****************
2022-11-11 22:54:19,267  INFO [main] nopCommerceSDET:62 - ************* Launching Browser *****************
2022-11-11 22:54:19,383  INFO [main] nopCommerceSDET:68 - ************* Opening URL  *****************
2022-11-11 22:54:21,891  INFO [main] nopCommerceSDET:75 - ************* Prvding user and password *****************
2022-11-11 22:54:22,248  INFO [main] nopCommerceSDET:82 - ************* click on login *****************
2022-11-11 22:54:23,712  INFO [main] nopCommerceSDET:62 - ************* Launching Browser *****************
2022-11-11 22:54:23,715  INFO [main] nopCommerceSDET:68 - ************* Opening URL  *****************
2022-11-11 22:54:26,529  INFO [main] nopCommerceSDET:75 - ************* Prvding user and password *****************
2022-11-11 22:54:26,944  INFO [main] nopCommerceSDET:82 - ************* click on login *****************
2022-11-11 22:54:28,554  INFO [main] nopCommerceSDET:62 - ************* Launching Browser *****************
2022-11-11 22:54:28,556  INFO [main] nopCommerceSDET:68 - ************* Opening URL  *****************
2022-11-11 22:54:31,765  INFO [main] nopCommerceSDET:75 - ************* Prvding user and password *****************
2022-11-11 22:54:32,290  INFO [main] nopCommerceSDET:82 - ************* click on login *****************
2022-11-17 18:54:47,848  INFO [main] nopCommerceSDET:62 - ************* Launching Browser *****************
2022-11-17 18:54:47,946  INFO [main] nopCommerceSDET:68 - ************* Opening URL  *****************
2022-11-17 18:54:51,226  INFO [main] nopCommerceSDET:75 - ************* Prvding user and password *****************
2022-11-17 18:54:51,621  INFO [main] nopCommerceSDET:82 - ************* click on login *****************
2022-11-17 18:54:52,943  INFO [main] nopCommerceSDET:62 - ************* Launching Browser *****************
2022-11-17 18:54:52,946  INFO [main] nopCommerceSDET:68 - ************* Opening URL  *****************
2022-11-17 18:54:55,468  INFO [main] nopCommerceSDET:75 - ************* Prvding user and password *****************
2022-11-17 18:54:56,019  INFO [main] nopCommerceSDET:82 - ************* click on login *****************
2022-11-17 18:54:57,535  INFO [main] nopCommerceSDET:62 - ************* Launching Browser *****************
2022-11-17 18:54:57,538  INFO [main] nopCommerceSDET:68 - ************* Opening URL  *****************
2022-11-17 18:54:59,894  INFO [main] nopCommerceSDET:75 - ************* Prvding user and password *****************
2022-11-17 18:55:00,398  INFO [main] nopCommerceSDET:82 - ************* click on login *****************
2022-11-21 20:05:15,077  INFO [main] nopCommerceSDET:62 - ************* Launching Browser *****************
2022-11-21 20:05:15,133  INFO [main] nopCommerceSDET:68 - ************* Opening URL  *****************
2022-11-21 20:05:19,776  INFO [main] nopCommerceSDET:62 - ************* Launching Browser *****************
2022-11-21 20:05:19,779  INFO [main] nopCommerceSDET:68 - ************* Opening URL  *****************
2022-11-21 20:05:22,494  INFO [main] nopCommerceSDET:75 - ************* Prvding user and password *****************
2022-11-21 20:05:22,870  INFO [main] nopCommerceSDET:82 - ************* click on login *****************
2022-12-06 20:25:47,332  INFO [main] nopCommerceSDET:62 - ************* Launching Browser *****************
2022-12-06 20:25:47,404  INFO [main] nopCommerceSDET:68 - ************* Opening URL  *****************
2022-12-06 20:25:50,564  INFO [main] nopCommerceSDET:75 - ************* Prvding user and password *****************
2022-12-06 20:25:51,091  INFO [main] nopCommerceSDET:82 - ************* click on login *****************
2022-12-06 20:25:52,665  INFO [main] nopCommerceSDET:62 - ************* Launching Browser *****************
2022-12-06 20:25:52,667  INFO [main] nopCommerceSDET:68 - ************* Opening URL  *****************
2022-12-06 20:25:54,471  INFO [main] nopCommerceSDET:75 - ************* Prvding user and password *****************
2022-12-06 20:25:55,105  INFO [main] nopCommerceSDET:82 - ************* click on login *****************
2022-12-06 20:57:01,316  INFO [main] nopCommerceSDET:62 - ************* Launching Browser *****************
2022-12-06 20:57:01,327  INFO [main] nopCommerceSDET:68 - ************* Opening URL  *****************
2022-12-06 20:57:04,229  INFO [main] nopCommerceSDET:75 - ************* Prvding user and password *****************
2022-12-06 20:57:05,650  INFO [main] nopCommerceSDET:62 - ************* Launching Browser *****************
2022-12-06 20:57:05,658  INFO [main] nopCommerceSDET:68 - ************* Opening URL  *****************
2022-12-06 20:57:07,964  INFO [main] nopCommerceSDET:75 - ************* Prvding user and password *****************
2022-12-06 21:12:21,413  INFO [main] nopCommerceSDET:62 - ************* Launching Browser *****************
2022-12-06 21:12:21,446  INFO [main] nopCommerceSDET:68 - ************* Opening URL  *****************
2022-12-06 21:12:21,457  INFO [main] nopCommerceSDET:62 - ************* Launching Browser *****************
2022-12-06 21:12:21,458  INFO [main] nopCommerceSDET:68 - ************* Opening URL  *****************
2022-12-06 21:14:20,933  INFO [main] nopCommerceSDET:62 - ************* Launching Browser *****************
2022-12-06 21:14:20,989  INFO [main] nopCommerceSDET:62 - ************* Launching Browser *****************
2022-12-06 21:14:20,991  INFO [main] nopCommerceSDET:68 - ************* Opening URL  *****************
2022-12-06 21:14:21,002  INFO [main] nopCommerceSDET:62 - ************* Launching Browser *****************
2022-12-06 21:14:21,003  INFO [main] nopCommerceSDET:68 - ************* Opening URL  *****************
2022-12-06 21:15:22,212  INFO [main] nopCommerceSDET:62 - ************* Launching Browser *****************
2022-12-06 21:15:23,229  INFO [main] nopCommerceSDET:62 - ************* Launching Browser *****************
2022-12-06 21:15:23,231  INFO [main] nopCommerceSDET:68 - ************* Opening URL  *****************
2022-12-06 21:15:25,779  INFO [main] nopCommerceSDET:75 - ************* Prvding user and password *****************
2022-12-06 21:15:26,830  INFO [main] nopCommerceSDET:62 - ************* Launching Browser *****************
2022-12-06 21:15:26,831  INFO [main] nopCommerceSDET:68 - ************* Opening URL  *****************
2022-12-06 21:24:25,457  INFO [main] nopCommerceSDET:62 - ************* Launching Browser *****************
2022-12-06 21:24:49,925  INFO [main] nopCommerceSDET:62 - ************* Launching Browser *****************
2022-12-06 21:25:40,507  INFO [main] nopCommerceSDET:62 - ************* Launching Browser *****************
2022-12-06 21:25:40,530  INFO [main] nopCommerceSDET:68 - ************* Opening URL  *****************
2023-03-24 12:00:59,377  INFO [main] nopCommerceSDET:62 - ************* Launching Browser *****************
2023-03-24 12:00:59,401  INFO [main] nopCommerceSDET:68 - ************* Opening URL  *****************
2023-03-24 12:16:30,195  INFO [main] nopCommerceSDET:62 - ************* Launching Browser *****************
2023-03-24 12:16:30,226  INFO [main] nopCommerceSDET:68 - ************* Opening URL  *****************
2023-03-24 12:26:35,450  INFO [main] nopCommerceSDET:62 - ************* Launching Browser *****************
2023-03-24 12:26:35,485  INFO [main] nopCommerceSDET:68 - ************* Opening URL  *****************
2023-03-24 12:27:26,852  INFO [main] nopCommerceSDET:62 - ************* Launching Browser *****************
2023-03-24 12:27:26,898  INFO [main] nopCommerceSDET:68 - ************* Opening URL  *****************
2023-03-24 12:28:39,868  INFO [main] nopCommerceSDET:62 - ************* Launching Browser *****************
2023-03-24 12:28:39,907  INFO [main] nopCommerceSDET:68 - ************* Opening URL  *****************
2023-03-24 12:41:07,606  INFO [main] nopCommerceSDET:62 - ************* Launching Browser *****************
2023-03-24 12:41:07,682  INFO [main] nopCommerceSDET:68 - ************* Opening URL  *****************
2023-03-24 12:42:39,893  INFO [main] nopCommerceSDET:62 - ************* Launching Browser *****************
2023-03-24 12:42:39,941  INFO [main] nopCommerceSDET:68 - ************* Opening URL  *****************
2023-03-24 13:55:35,990  INFO [main] nopCommerceSDET:62 - ************* Launching Browser *****************
2023-03-24 13:55:36,031  INFO [main] nopCommerceSDET:68 - ************* Opening URL  *****************
2023-03-24 16:31:28,378  INFO [main] nopCommerceSDET:62 - ************* Launching Browser *****************
2023-03-24 16:31:28,420  INFO [main] nopCommerceSDET:68 - ************* Opening URL  *****************
2023-03-24 16:31:57,977  INFO [main] nopCommerceSDET:62 - ************* Launching Browser *****************
2023-03-24 16:31:58,031  INFO [main] nopCommerceSDET:68 - ************* Opening URL  *****************
2023-03-24 16:36:50,283  INFO [main] nopCommerceSDET:62 - ************* Launching Browser *****************
2023-03-24 16:36:50,310  INFO [main] nopCommerceSDET:68 - ************* Opening URL  *****************
2023-03-25 10:10:23,008  INFO [main] nopCommerceSDET:62 - ************* Launching Browser *****************
2023-03-25 10:10:23,046  INFO [main] nopCommerceSDET:68 - ************* Opening URL  *****************
2023-03-27 11:03:12,480  INFO [main] nopCommerceSDET:62 - ************* Launching Browser *****************
2023-03-27 11:03:12,512  INFO [main] nopCommerceSDET:68 - ************* Opening URL  *****************
2023-03-27 11:41:58,659  INFO [main] nopCommerceSDET:62 - ************* Launching Browser *****************
2023-03-27 11:41:58,687  INFO [main] nopCommerceSDET:68 - ************* Opening URL  *****************
2023-03-27 11:59:22,728  INFO [main] nopCommerceSDET:62 - ************* Launching Browser *****************
2023-03-27 11:59:22,762  INFO [main] nopCommerceSDET:68 - ************* Opening URL  *****************
2023-03-27 12:07:56,915  INFO [main] nopCommerceSDET:62 - ************* Launching Browser *****************
2023-03-27 12:07:56,963  INFO [main] nopCommerceSDET:68 - ************* Opening URL  *****************
2023-03-27 13:17:28,531  INFO [main] nopCommerceSDET:62 - ************* Launching Browser *****************
2023-03-27 13:17:28,564  INFO [main] nopCommerceSDET:68 - ************* Opening URL  *****************
2023-03-27 13:24:11,585  INFO [main] nopCommerceSDET:62 - ************* Launching Browser *****************
2023-03-27 13:24:11,592  INFO [main] nopCommerceSDET:68 - ************* Opening URL  *****************
2023-03-27 13:27:04,432  INFO [main] nopCommerceSDET:62 - ************* Launching Browser *****************
2023-03-27 13:27:04,439  INFO [main] nopCommerceSDET:68 - ************* Opening URL  *****************
2023-03-27 13:30:38,615  INFO [main] nopCommerceSDET:62 - ************* Launching Browser *****************
2023-03-27 13:30:38,625  INFO [main] nopCommerceSDET:68 - ************* Opening URL  *****************
2023-03-27 14:16:38,268  INFO [main] nopCommerceSDET:62 - ************* Launching Browser *****************
2023-03-27 14:16:38,278  INFO [main] nopCommerceSDET:68 - ************* Opening URL  *****************
2023-03-27 14:24:34,713  INFO [main] nopCommerceSDET:62 - ************* Launching Browser *****************
2023-03-27 14:24:34,718  INFO [main] nopCommerceSDET:68 - ************* Opening URL  *****************
2023-03-27 15:32:52,406  INFO [main] nopCommerceSDET:62 - ************* Launching Browser *****************
2023-03-27 15:32:52,412  INFO [main] nopCommerceSDET:68 - ************* Opening URL  *****************
2023-03-27 15:51:16,485  INFO [main] nopCommerceSDET:62 - ************* Launching Browser *****************
2023-03-27 15:51:16,495  INFO [main] nopCommerceSDET:68 - ************* Opening URL  *****************
2023-03-27 15:53:18,983  INFO [main] nopCommerceSDET:62 - ************* Launching Browser *****************
2023-03-27 15:53:18,993  INFO [main] nopCommerceSDET:68 - ************* Opening URL  *****************
2023-03-27 15:59:38,469  INFO [main] nopCommerceSDET:62 - ************* Launching Browser *****************
2023-03-27 15:59:38,477  INFO [main] nopCommerceSDET:68 - ************* Opening URL  *****************
2023-03-27 16:05:03,763  INFO [main] nopCommerceSDET:62 - ************* Launching Browser *****************
2023-03-27 16:05:03,771  INFO [main] nopCommerceSDET:68 - ************* Opening URL  *****************
2023-03-27 18:01:53,044  INFO [main] nopCommerceSDET:62 - ************* Launching Browser *****************
2023-03-27 18:01:53,049  INFO [main] nopCommerceSDET:68 - ************* Opening URL  *****************
2023-03-27 18:01:58,200  INFO [main] nopCommerceSDET:62 - ************* Launching Browser *****************
2023-03-27 18:01:58,202  INFO [main] nopCommerceSDET:68 - ************* Opening URL  *****************
2023-03-27 18:04:14,270  INFO [main] nopCommerceSDET:62 - ************* Launching Browser *****************
2023-03-27 18:04:14,277  INFO [main] nopCommerceSDET:68 - ************* Opening URL  *****************
2023-03-27 18:04:19,259  INFO [main] nopCommerceSDET:62 - ************* Launching Browser *****************
2023-03-27 18:04:19,261  INFO [main] nopCommerceSDET:68 - ************* Opening URL  *****************
2023-03-27 18:06:17,058  INFO [main] nopCommerceSDET:62 - ************* Launching Browser *****************
2023-03-27 18:06:17,071  INFO [main] nopCommerceSDET:68 - ************* Opening URL  *****************
2023-03-27 18:06:22,522  INFO [main] nopCommerceSDET:62 - ************* Launching Browser *****************
2023-03-27 18:06:22,523  INFO [main] nopCommerceSDET:68 - ************* Opening URL  *****************
2023-03-27 18:07:28,410  INFO [main] nopCommerceSDET:62 - ************* Launching Browser *****************
2023-03-27 18:07:28,418  INFO [main] nopCommerceSDET:68 - ************* Opening URL  *****************
2023-03-27 18:07:34,173  INFO [main] nopCommerceSDET:62 - ************* Launching Browser *****************
2023-03-27 18:07:34,176  INFO [main] nopCommerceSDET:68 - ************* Opening URL  *****************
2023-03-27 18:08:51,773  INFO [main] nopCommerceSDET:62 - ************* Launching Browser *****************
2023-03-27 18:08:51,783  INFO [main] nopCommerceSDET:68 - ************* Opening URL  *****************
2023-03-27 18:08:57,014  INFO [main] nopCommerceSDET:62 - ************* Launching Browser *****************
2023-03-27 18:08:57,015  INFO [main] nopCommerceSDET:68 - ************* Opening URL  *****************
2023-03-27 18:34:47,626  INFO [main] nopCommerceSDET:62 - ************* Launching Browser *****************
2023-03-27 18:34:47,633  INFO [main] nopCommerceSDET:68 - ************* Opening URL  *****************
2023-03-27 18:34:55,246  INFO [main] nopCommerceSDET:62 - ************* Launching Browser *****************
2023-03-27 18:34:55,247  INFO [main] nopCommerceSDET:68 - ************* Opening URL  *****************
2023-03-27 18:35:03,811  INFO [main] nopCommerceSDET:62 - ************* Launching Browser *****************
2023-03-27 18:35:03,812  INFO [main] nopCommerceSDET:68 - ************* Opening URL  *****************
2023-03-27 18:35:08,965  INFO [main] nopCommerceSDET:62 - ************* Launching Browser *****************
2023-03-27 18:35:08,966  INFO [main] nopCommerceSDET:68 - ************* Opening URL  *****************
2023-03-27 18:35:13,803  INFO [main] nopCommerceSDET:62 - ************* Launching Browser *****************
2023-03-27 18:35:13,803  INFO [main] nopCommerceSDET:68 - ************* Opening URL  *****************
2023-03-27 18:36:53,826  INFO [main] nopCommerceSDET:62 - ************* Launching Browser *****************
2023-03-27 18:36:53,833  INFO [main] nopCommerceSDET:68 - ************* Opening URL  *****************
2023-03-27 18:36:58,944  INFO [main] nopCommerceSDET:62 - ************* Launching Browser *****************
2023-03-27 18:36:58,945  INFO [main] nopCommerceSDET:68 - ************* Opening URL  *****************
2023-03-27 18:37:03,797  INFO [main] nopCommerceSDET:62 - ************* Launching Browser *****************
2023-03-27 18:37:03,800  INFO [main] nopCommerceSDET:68 - ************* Opening URL  *****************
2023-03-27 18:37:10,079  INFO [main] nopCommerceSDET:62 - ************* Launching Browser *****************
2023-03-27 18:37:10,080  INFO [main] nopCommerceSDET:68 - ************* Opening URL  *****************
2023-03-27 18:37:15,718  INFO [main] nopCommerceSDET:62 - ************* Launching Browser *****************
2023-03-27 18:37:15,719  INFO [main] nopCommerceSDET:68 - ************* Opening URL  *****************
2023-03-27 18:47:33,072  INFO [main] nopCommerceSDET:62 - ************* Launching Browser *****************
2023-03-27 18:47:33,079  INFO [main] nopCommerceSDET:68 - ************* Opening URL  *****************
2023-03-27 18:47:38,751  INFO [main] nopCommerceSDET:62 - ************* Launching Browser *****************
2023-03-27 18:47:38,753  INFO [main] nopCommerceSDET:68 - ************* Opening URL  *****************
2023-03-27 18:47:43,763  INFO [main] nopCommerceSDET:62 - ************* Launching Browser *****************
2023-03-27 18:47:43,764  INFO [main] nopCommerceSDET:68 - ************* Opening URL  *****************
2023-03-27 18:47:49,132  INFO [main] nopCommerceSDET:62 - ************* Launching Browser *****************
2023-03-27 18:47:49,133  INFO [main] nopCommerceSDET:68 - ************* Opening URL  *****************
2023-03-27 18:47:56,301  INFO [main] nopCommerceSDET:62 - ************* Launching Browser *****************
2023-03-27 18:47:56,302  INFO [main] nopCommerceSDET:68 - ************* Opening URL  *****************
2023-03-27 18:51:41,590  INFO [main] nopCommerceSDET:62 - ************* Launching Browser *****************
2023-03-27 18:51:41,597  INFO [main] nopCommerceSDET:68 - ************* Opening URL  *****************
2023-03-27 18:51:47,123  INFO [main] nopCommerceSDET:62 - ************* Launching Browser *****************
2023-03-27 18:51:47,125  INFO [main] nopCommerceSDET:68 - ************* Opening URL  *****************
2023-03-27 18:51:53,047  INFO [main] nopCommerceSDET:62 - ************* Launching Browser *****************
2023-03-27 18:51:53,049  INFO [main] nopCommerceSDET:68 - ************* Opening URL  *****************
2023-03-27 18:51:58,826  INFO [main] nopCommerceSDET:62 - ************* Launching Browser *****************
2023-03-27 18:51:58,826  INFO [main] nopCommerceSDET:68 - ************* Opening URL  *****************
2023-03-27 18:52:03,653  INFO [main] nopCommerceSDET:62 - ************* Launching Browser *****************
2023-03-27 18:52:03,654  INFO [main] nopCommerceSDET:68 - ************* Opening URL  *****************
2023-03-27 18:53:46,172  INFO [main] nopCommerceSDET:62 - ************* Launching Browser *****************
2023-03-27 18:53:46,179  INFO [main] nopCommerceSDET:68 - ************* Opening URL  *****************
2023-03-27 18:53:52,023  INFO [main] nopCommerceSDET:62 - ************* Launching Browser *****************
2023-03-27 18:53:52,024  INFO [main] nopCommerceSDET:68 - ************* Opening URL  *****************
2023-03-27 18:53:59,241  INFO [main] nopCommerceSDET:62 - ************* Launching Browser *****************
2023-03-27 18:53:59,243  INFO [main] nopCommerceSDET:68 - ************* Opening URL  *****************
2023-03-27 18:54:04,499  INFO [main] nopCommerceSDET:62 - ************* Launching Browser *****************
2023-03-27 18:54:04,500  INFO [main] nopCommerceSDET:68 - ************* Opening URL  *****************
2023-03-27 18:54:10,095  INFO [main] nopCommerceSDET:62 - ************* Launching Browser *****************
2023-03-27 18:54:10,096  INFO [main] nopCommerceSDET:68 - ************* Opening URL  *****************
2023-03-27 19:34:20,241  INFO [main] nopCommerceSDET:62 - ************* Launching Browser *****************
2023-03-27 19:34:20,248  INFO [main] nopCommerceSDET:68 - ************* Opening URL  *****************
2023-03-27 19:34:35,507  INFO [main] nopCommerceSDET:62 - ************* Launching Browser *****************
2023-03-27 19:34:35,508  INFO [main] nopCommerceSDET:68 - ************* Opening URL  *****************
2023-03-27 19:34:37,739  INFO [main] nopCommerceSDET:62 - ************* Launching Browser *****************
2023-03-27 19:34:37,741  INFO [main] nopCommerceSDET:68 - ************* Opening URL  *****************
2023-03-27 19:37:09,206  INFO [main] nopCommerceSDET:62 - ************* Launching Browser *****************
2023-03-27 19:37:09,214  INFO [main] nopCommerceSDET:68 - ************* Opening URL  *****************
2023-03-27 19:37:44,865  INFO [main] nopCommerceSDET:62 - ************* Launching Browser *****************
2023-03-27 19:37:44,873  INFO [main] nopCommerceSDET:68 - ************* Opening URL  *****************
2023-03-27 19:44:04,533  INFO [main] nopCommerceSDET:63 - ************* Launching Browser *****************
2023-03-27 19:44:04,540  INFO [main] nopCommerceSDET:69 - ************* Opening URL  *****************
2023-03-27 19:45:09,913  INFO [main] nopCommerceSDET:63 - ************* Launching Browser *****************
2023-03-27 19:45:09,919  INFO [main] nopCommerceSDET:69 - ************* Opening URL  *****************
2023-03-27 19:46:09,749  INFO [main] nopCommerceSDET:63 - ************* Launching Browser *****************
2023-03-27 19:46:09,756  INFO [main] nopCommerceSDET:69 - ************* Opening URL  *****************
2023-03-27 19:47:23,245  INFO [main] nopCommerceSDET:63 - ************* Launching Browser *****************
2023-03-27 19:47:23,253  INFO [main] nopCommerceSDET:69 - ************* Opening URL  *****************
2023-03-27 19:48:49,455  INFO [main] nopCommerceSDET:63 - ************* Launching Browser *****************
2023-03-27 19:48:49,462  INFO [main] nopCommerceSDET:69 - ************* Opening URL  *****************
2023-03-27 19:48:56,837  INFO [main] nopCommerceSDET:63 - ************* Launching Browser *****************
2023-03-27 19:48:56,839  INFO [main] nopCommerceSDET:69 - ************* Opening URL  *****************
2023-03-27 19:49:06,452  INFO [main] nopCommerceSDET:63 - ************* Launching Browser *****************
2023-03-27 19:49:06,453  INFO [main] nopCommerceSDET:69 - ************* Opening URL  *****************
2023-03-27 19:49:16,113  INFO [main] nopCommerceSDET:63 - ************* Launching Browser *****************
2023-03-27 19:49:16,115  INFO [main] nopCommerceSDET:69 - ************* Opening URL  *****************
2023-03-27 19:49:23,972  INFO [main] nopCommerceSDET:63 - ************* Launching Browser *****************
2023-03-27 19:49:23,973  INFO [main] nopCommerceSDET:69 - ************* Opening URL  *****************
2023-03-27 19:58:30,715  INFO [main] nopCommerceSDET:63 - ************* Launching Browser *****************
2023-03-27 19:58:30,718  INFO [main] nopCommerceSDET:69 - ************* Opening URL  *****************
2023-03-27 19:58:35,294  INFO [main] nopCommerceSDET:63 - ************* Launching Browser *****************
2023-03-27 19:58:35,295  INFO [main] nopCommerceSDET:69 - ************* Opening URL  *****************
2023-03-27 19:58:39,423  INFO [main] nopCommerceSDET:63 - ************* Launching Browser *****************
2023-03-27 19:58:39,423  INFO [main] nopCommerceSDET:69 - ************* Opening URL  *****************
2023-03-27 19:58:47,248  INFO [main] nopCommerceSDET:63 - ************* Launching Browser *****************
2023-03-27 19:58:47,250  INFO [main] nopCommerceSDET:69 - ************* Opening URL  *****************
2023-03-27 19:58:49,948  INFO [main] nopCommerceSDET:63 - ************* Launching Browser *****************
2023-03-27 19:58:49,949  INFO [main] nopCommerceSDET:69 - ************* Opening URL  *****************
2023-03-27 19:59:41,265  INFO [main] nopCommerceSDET:63 - ************* Launching Browser *****************
2023-03-27 19:59:41,273  INFO [main] nopCommerceSDET:69 - ************* Opening URL  *****************
2023-03-27 19:59:46,221  INFO [main] nopCommerceSDET:63 - ************* Launching Browser *****************
2023-03-27 19:59:46,222  INFO [main] nopCommerceSDET:69 - ************* Opening URL  *****************
2023-03-27 19:59:50,690  INFO [main] nopCommerceSDET:63 - ************* Launching Browser *****************
2023-03-27 19:59:50,691  INFO [main] nopCommerceSDET:69 - ************* Opening URL  *****************
2023-03-27 19:59:52,397  INFO [main] nopCommerceSDET:63 - ************* Launching Browser *****************
2023-03-27 19:59:52,398  INFO [main] nopCommerceSDET:69 - ************* Opening URL  *****************
2023-03-27 19:59:54,461  INFO [main] nopCommerceSDET:63 - ************* Launching Browser *****************
2023-03-27 19:59:54,462  INFO [main] nopCommerceSDET:69 - ************* Opening URL  *****************
2023-03-27 20:00:56,482  INFO [main] nopCommerceSDET:63 - ************* Launching Browser *****************
2023-03-27 20:00:56,488  INFO [main] nopCommerceSDET:69 - ************* Opening URL  *****************
2023-03-27 20:01:01,231  INFO [main] nopCommerceSDET:63 - ************* Launching Browser *****************
2023-03-27 20:01:01,233  INFO [main] nopCommerceSDET:69 - ************* Opening URL  *****************
2023-03-27 20:01:05,992  INFO [main] nopCommerceSDET:63 - ************* Launching Browser *****************
2023-03-27 20:01:05,993  INFO [main] nopCommerceSDET:69 - ************* Opening URL  *****************
2023-03-27 20:01:10,083  INFO [main] nopCommerceSDET:63 - ************* Launching Browser *****************
2023-03-27 20:01:10,085  INFO [main] nopCommerceSDET:69 - ************* Opening URL  *****************
2023-03-27 20:01:24,713  INFO [main] nopCommerceSDET:63 - ************* Launching Browser *****************
2023-03-27 20:01:24,714  INFO [main] nopCommerceSDET:69 - ************* Opening URL  *****************
2023-03-27 20:06:06,329  INFO [main] nopCommerceSDET:63 - ************* Launching Browser *****************
2023-03-27 20:06:06,335  INFO [main] nopCommerceSDET:69 - ************* Opening URL  *****************
2023-03-27 20:06:17,128  INFO [main] nopCommerceSDET:63 - ************* Launching Browser *****************
2023-03-27 20:06:17,130  INFO [main] nopCommerceSDET:69 - ************* Opening URL  *****************
2023-03-27 20:06:28,610  INFO [main] nopCommerceSDET:63 - ************* Launching Browser *****************
2023-03-27 20:06:28,610  INFO [main] nopCommerceSDET:69 - ************* Opening URL  *****************
2023-03-27 20:06:37,962  INFO [main] nopCommerceSDET:63 - ************* Launching Browser *****************
2023-03-27 20:06:37,963  INFO [main] nopCommerceSDET:69 - ************* Opening URL  *****************
2023-03-27 20:06:47,632  INFO [main] nopCommerceSDET:63 - ************* Launching Browser *****************
2023-03-27 20:06:47,633  INFO [main] nopCommerceSDET:69 - ************* Opening URL  *****************
2023-03-27 20:09:09,957  INFO [main] nopCommerceSDET:63 - ************* Launching Browser *****************
2023-03-27 20:09:09,964  INFO [main] nopCommerceSDET:69 - ************* Opening URL  *****************
2023-03-27 20:09:18,137  INFO [main] nopCommerceSDET:63 - ************* Launching Browser *****************
2023-03-27 20:09:18,138  INFO [main] nopCommerceSDET:69 - ************* Opening URL  *****************
2023-03-27 20:09:25,734  INFO [main] nopCommerceSDET:63 - ************* Launching Browser *****************
2023-03-27 20:09:25,736  INFO [main] nopCommerceSDET:69 - ************* Opening URL  *****************
2023-03-27 20:09:34,121  INFO [main] nopCommerceSDET:63 - ************* Launching Browser *****************
2023-03-27 20:09:34,122  INFO [main] nopCommerceSDET:69 - ************* Opening URL  *****************
2023-03-27 20:09:39,600  INFO [main] nopCommerceSDET:63 - ************* Launching Browser *****************
2023-03-27 20:09:39,602  INFO [main] nopCommerceSDET:69 - ************* Opening URL  *****************
2023-03-27 20:11:31,646  INFO [main] nopCommerceSDET:63 - ************* Launching Browser *****************
2023-03-27 20:11:31,655  INFO [main] nopCommerceSDET:69 - ************* Opening URL  *****************
2023-03-27 20:11:37,662  INFO [main] nopCommerceSDET:63 - ************* Launching Browser *****************
2023-03-27 20:11:37,663  INFO [main] nopCommerceSDET:69 - ************* Opening URL  *****************
2023-03-27 20:11:44,419  INFO [main] nopCommerceSDET:63 - ************* Launching Browser *****************
2023-03-27 20:11:44,420  INFO [main] nopCommerceSDET:69 - ************* Opening URL  *****************
2023-03-27 20:11:55,955  INFO [main] nopCommerceSDET:63 - ************* Launching Browser *****************
2023-03-27 20:11:55,957  INFO [main] nopCommerceSDET:69 - ************* Opening URL  *****************
2023-03-27 20:12:03,908  INFO [main] nopCommerceSDET:63 - ************* Launching Browser *****************
2023-03-27 20:12:03,910  INFO [main] nopCommerceSDET:69 - ************* Opening URL  *****************
2023-03-28 09:56:24,330  INFO [main] nopCommerceSDET:63 - ************* Launching Browser *****************
2023-03-28 09:56:24,334  INFO [main] nopCommerceSDET:69 - ************* Opening URL  *****************
2023-03-28 09:56:33,656  INFO [main] nopCommerceSDET:63 - ************* Launching Browser *****************
2023-03-28 09:56:33,657  INFO [main] nopCommerceSDET:69 - ************* Opening URL  *****************
2023-03-28 09:56:45,827  INFO [main] nopCommerceSDET:63 - ************* Launching Browser *****************
2023-03-28 09:56:45,829  INFO [main] nopCommerceSDET:69 - ************* Opening URL  *****************
2023-03-28 09:56:50,037  INFO [main] nopCommerceSDET:63 - ************* Launching Browser *****************
2023-03-28 09:56:50,038  INFO [main] nopCommerceSDET:69 - ************* Opening URL  *****************
2023-03-28 09:56:54,472  INFO [main] nopCommerceSDET:63 - ************* Launching Browser *****************
2023-03-28 09:56:54,474  INFO [main] nopCommerceSDET:69 - ************* Opening URL  *****************
2023-03-28 10:00:09,532  INFO [main] nopCommerceSDET:63 - ************* Launching Browser *****************
2023-03-28 10:00:09,537  INFO [main] nopCommerceSDET:69 - ************* Opening URL  *****************
2023-03-28 10:00:46,644  INFO [main] nopCommerceSDET:63 - ************* Launching Browser *****************
2023-03-28 10:00:46,648  INFO [main] nopCommerceSDET:69 - ************* Opening URL  *****************
2023-03-28 10:03:15,271  INFO [main] nopCommerceSDET:63 - ************* Launching Browser *****************
2023-03-28 10:03:15,278  INFO [main] nopCommerceSDET:69 - ************* Opening URL  *****************
2023-03-28 10:03:16,774  INFO [main] nopCommerceSDET:63 - ************* Launching Browser *****************
2023-03-28 10:03:16,776  INFO [main] nopCommerceSDET:69 - ************* Opening URL  *****************
2023-03-28 10:03:18,159  INFO [main] nopCommerceSDET:63 - ************* Launching Browser *****************
2023-03-28 10:03:18,160  INFO [main] nopCommerceSDET:69 - ************* Opening URL  *****************
2023-03-28 10:03:19,394  INFO [main] nopCommerceSDET:63 - ************* Launching Browser *****************
2023-03-28 10:03:19,395  INFO [main] nopCommerceSDET:69 - ************* Opening URL  *****************
2023-03-28 10:03:20,268  INFO [main] nopCommerceSDET:63 - ************* Launching Browser *****************
2023-03-28 10:03:20,268  INFO [main] nopCommerceSDET:69 - ************* Opening URL  *****************
2023-03-28 10:04:57,812  INFO [main] nopCommerceSDET:63 - ************* Launching Browser *****************
2023-03-28 10:04:57,816  INFO [main] nopCommerceSDET:69 - ************* Opening URL  *****************
2023-03-28 10:13:05,915  INFO [main] nopCommerceSDET:63 - ************* Launching Browser *****************
2023-03-28 10:13:05,923  INFO [main] nopCommerceSDET:69 - ************* Opening URL  *****************
2023-03-28 10:13:58,676  INFO [main] nopCommerceSDET:63 - ************* Launching Browser *****************
2023-03-28 10:13:58,684  INFO [main] nopCommerceSDET:69 - ************* Opening URL  *****************
2023-03-28 10:18:11,964  INFO [main] nopCommerceSDET:65 - ************* Launching Browser *****************
2023-03-28 10:18:11,971  INFO [main] nopCommerceSDET:71 - ************* Opening URL  *****************
2023-03-28 10:19:16,355  INFO [main] nopCommerceSDET:65 - ************* Launching Browser *****************
2023-03-28 10:19:16,367  INFO [main] nopCommerceSDET:71 - ************* Opening URL  *****************
2023-03-28 10:19:29,216  INFO [main] nopCommerceSDET:65 - ************* Launching Browser *****************
2023-03-28 10:19:29,218  INFO [main] nopCommerceSDET:71 - ************* Opening URL  *****************
2023-03-28 10:19:41,626  INFO [main] nopCommerceSDET:65 - ************* Launching Browser *****************
2023-03-28 10:19:41,628  INFO [main] nopCommerceSDET:71 - ************* Opening URL  *****************
2023-03-28 10:19:51,559  INFO [main] nopCommerceSDET:65 - ************* Launching Browser *****************
2023-03-28 10:19:51,561  INFO [main] nopCommerceSDET:71 - ************* Opening URL  *****************
2023-03-28 10:20:01,213  INFO [main] nopCommerceSDET:65 - ************* Launching Browser *****************
2023-03-28 10:20:01,213  INFO [main] nopCommerceSDET:71 - ************* Opening URL  *****************
